<?xml version="1.0" encoding="UTF-8"?>
<!-- Generated by org.testng.reporters.JUnitReportReporter -->
<testsuite skipped="0" hostname="DESKTOP-78P0D72" name="com.CentrumFinvisage.testCases.AssignLenderToUser" tests="1" failures="0" timestamp="28 Sep 2019 17:31:06 GMT" time="14.649" errors="0">
  <testcase name="assignLenderUser" time="14.649" classname="com.CentrumFinvisage.testCases.AssignLenderToUser"/>
</testsuite> <!-- com.CentrumFinvisage.testCases.AssignLenderToUser -->
