<?xml version="1.0" encoding="UTF-8"?>
<!-- Generated by org.testng.reporters.JUnitReportReporter -->
<testsuite skipped="0" hostname="DESKTOP-78P0D72" name="com.CentrumFinvisage.testCases.EditExternalParty" tests="1" failures="0" timestamp="15 Oct 2019 12:25:52 GMT" time="81.440" errors="0">
  <testcase name="editExternalParty" time="81.440" classname="com.CentrumFinvisage.testCases.EditExternalParty"/>
</testsuite> <!-- com.CentrumFinvisage.testCases.EditExternalParty -->
