<?xml version="1.0" encoding="UTF-8"?>
<!-- Generated by org.testng.reporters.JUnitReportReporter -->
<testsuite skipped="0" hostname="DESKTOP-78P0D72" name="com.CentrumFinvisage.testCases.MakeFacilityasInactive" tests="1" failures="0" timestamp="28 Sep 2019 19:57:42 GMT" time="5.447" errors="0">
  <testcase name="switchingInactiveButton" time="5.447" classname="com.CentrumFinvisage.testCases.MakeFacilityasInactive"/>
</testsuite> <!-- com.CentrumFinvisage.testCases.MakeFacilityasInactive -->
