<?xml version="1.0" encoding="UTF-8"?>
<!-- Generated by org.testng.reporters.JUnitReportReporter -->
<testsuite skipped="0" hostname="DESKTOP-78P0D72" name="com.CentrumFinvisage.testCases.EditFacility" tests="1" failures="0" timestamp="15 Oct 2019 09:53:38 GMT" time="21.194" errors="0">
  <testcase name="editFacility" time="21.194" classname="com.CentrumFinvisage.testCases.EditFacility"/>
</testsuite> <!-- com.CentrumFinvisage.testCases.EditFacility -->
