<?xml version="1.0" encoding="UTF-8"?>
<!-- Generated by org.testng.reporters.JUnitReportReporter -->
<testsuite skipped="0" hostname="DESKTOP-78P0D72" name="com.CentrumFinvisage.testCases.Program" tests="1" failures="0" timestamp="17 Oct 2019 11:42:44 GMT" time="56.293" errors="0">
  <testcase name="editProgram" time="56.293" classname="com.CentrumFinvisage.testCases.Program"/>
</testsuite> <!-- com.CentrumFinvisage.testCases.Program -->
