<?xml version="1.0" encoding="UTF-8"?>
<!-- Generated by org.testng.reporters.JUnitReportReporter -->
<testsuite skipped="0" hostname="DESKTOP-78P0D72" name="com.CentrumFinvisage.testCases.Facility" tests="1" failures="0" timestamp="17 Oct 2019 11:42:43 GMT" time="21.436" errors="0">
  <testcase name="editFacility" time="21.436" classname="com.CentrumFinvisage.testCases.Facility"/>
</testsuite> <!-- com.CentrumFinvisage.testCases.Facility -->
