<?xml version="1.0" encoding="UTF-8"?>
<!-- Generated by org.testng.reporters.JUnitReportReporter -->
<testsuite skipped="0" hostname="DESKTOP-78P0D72" name="com.CentrumFinvisage.testCases.EditLender" tests="1" failures="0" timestamp="15 Oct 2019 09:58:56 GMT" time="27.892" errors="0">
  <testcase name="editLender" time="27.892" classname="com.CentrumFinvisage.testCases.EditLender"/>
</testsuite> <!-- com.CentrumFinvisage.testCases.EditLender -->
