<?xml version="1.0" encoding="UTF-8"?>
<!-- Generated by org.testng.reporters.JUnitReportReporter -->
<testsuite skipped="0" hostname="DESKTOP-78P0D72" name="com.CentrumFinvisage.testCases.Logintest" tests="1" failures="0" timestamp="17 Oct 2019 11:42:44 GMT" time="5.780" errors="0">
  <testcase name="loginTest" time="5.780" classname="com.CentrumFinvisage.testCases.Logintest"/>
</testsuite> <!-- com.CentrumFinvisage.testCases.Logintest -->
