<?xml version="1.0" encoding="UTF-8"?>
<!-- Generated by org.testng.reporters.JUnitReportReporter -->
<testsuite skipped="0" hostname="DESKTOP-78P0D72" name="com.CentrumFinvisage.testCases.Lender" tests="1" failures="0" timestamp="17 Oct 2019 11:42:44 GMT" time="24.674" errors="0">
  <testcase name="editLender" time="24.674" classname="com.CentrumFinvisage.testCases.Lender"/>
</testsuite> <!-- com.CentrumFinvisage.testCases.Lender -->
