<?xml version="1.0" encoding="UTF-8"?>
<!-- Generated by org.testng.reporters.JUnitReportReporter -->
<testsuite skipped="0" hostname="DESKTOP-78P0D72" name="com.CentrumFinvisage.testCases.CreateFacility" tests="1" failures="0" timestamp="15 Oct 2019 06:31:32 GMT" time="8.591" errors="0">
  <testcase name="createFacility" time="8.591" classname="com.CentrumFinvisage.testCases.CreateFacility"/>
</testsuite> <!-- com.CentrumFinvisage.testCases.CreateFacility -->
