<?xml version="1.0" encoding="UTF-8"?>
<!-- Generated by org.testng.reporters.JUnitReportReporter -->
<testsuite skipped="0" hostname="DESKTOP-78P0D72" name="com.CentrumFinvisage.testCases.CreateAnchor" tests="1" failures="0" timestamp="15 Oct 2019 11:50:04 GMT" time="31.628" errors="0">
  <testcase name="createAnchor" time="31.628" classname="com.CentrumFinvisage.testCases.CreateAnchor"/>
</testsuite> <!-- com.CentrumFinvisage.testCases.CreateAnchor -->
