<?xml version="1.0" encoding="UTF-8"?>
<!-- Generated by org.testng.reporters.JUnitReportReporter -->
<testsuite skipped="0" hostname="DESKTOP-78P0D72" name="com.CentrumFinvisage.testCases.EditTheProgram" tests="1" failures="0" timestamp="14 Oct 2019 10:00:28 GMT" time="75.776" errors="0">
  <testcase name="editProgram" time="75.776" classname="com.CentrumFinvisage.testCases.EditTheProgram"/>
</testsuite> <!-- com.CentrumFinvisage.testCases.EditTheProgram -->
